Analysis & Synthesis report for top_p03
Sat May 18 00:19:06 2019
Quartus Prime Version 18.1.0 Build 625 09/12/2018 SJ Lite Edition


---------------------
; Table of Contents ;
---------------------
  1. Legal Notice
  2. Analysis & Synthesis Summary
  3. Analysis & Synthesis Settings
  4. Parallel Compilation
  5. Analysis & Synthesis Source Files Read
  6. Analysis & Synthesis Resource Usage Summary
  7. Analysis & Synthesis Resource Utilization by Entity
  8. State Machine - |top_p03_tb|top_processors:top_processors_inst|fsm_processor:fsm_p_inst|state
  9. State Machine - |top_p03_tb|cmd_fsm:cmd_fsm_inst|status
 10. Registers Removed During Synthesis
 11. General Register Statistics
 12. Multiplexer Restructuring Statistics (Restructuring Performed)
 13. Parameter Settings for Inferred Entity Instance: top_processors:top_processors_inst|fifo_matrix:matrix|pointers_M:pointers_M_inst|lpm_mult:Mult0
 14. lpm_mult Parameter Settings by Entity Instance
 15. Port Connectivity Checks: "top_processors:top_processors_inst|fifo_vector:vector|pointers:pointers_inst"
 16. Port Connectivity Checks: "top_processors:top_processors_inst|fifo_matrix:matrix|pointers_M:pointers_M_inst"
 17. Port Connectivity Checks: "top_processors:top_processors_inst"
 18. Post-Synthesis Netlist Statistics for Top Partition
 19. Elapsed Time Per Partition
 20. Analysis & Synthesis Messages
 21. Analysis & Synthesis Suppressed Messages



----------------
; Legal Notice ;
----------------
Copyright (C) 2018  Intel Corporation. All rights reserved.
Your use of Intel Corporation's design tools, logic functions 
and other software and tools, and its AMPP partner logic 
functions, and any output files from any of the foregoing 
(including device programming or simulation files), and any 
associated documentation or information are expressly subject 
to the terms and conditions of the Intel Program License 
Subscription Agreement, the Intel Quartus Prime License Agreement,
the Intel FPGA IP License Agreement, or other applicable license
agreement, including, without limitation, that your use is for
the sole purpose of programming logic devices manufactured by
Intel and sold by Intel or its authorized distributors.  Please
refer to the applicable agreement for further details.



+----------------------------------------------------------------------------------+
; Analysis & Synthesis Summary                                                     ;
+------------------------------------+---------------------------------------------+
; Analysis & Synthesis Status        ; Successful - Sat May 18 00:19:06 2019       ;
; Quartus Prime Version              ; 18.1.0 Build 625 09/12/2018 SJ Lite Edition ;
; Revision Name                      ; top_p03                                     ;
; Top-level Entity Name              ; top_p03_tb                                  ;
; Family                             ; Cyclone IV E                                ;
; Total logic elements               ; 121                                         ;
;     Total combinational functions  ; 115                                         ;
;     Dedicated logic registers      ; 51                                          ;
; Total registers                    ; 51                                          ;
; Total pins                         ; 16                                          ;
; Total virtual pins                 ; 0                                           ;
; Total memory bits                  ; 0                                           ;
; Embedded Multiplier 9-bit elements ; 0                                           ;
; Total PLLs                         ; 0                                           ;
+------------------------------------+---------------------------------------------+


+------------------------------------------------------------------------------------------------------------+
; Analysis & Synthesis Settings                                                                              ;
+------------------------------------------------------------------+--------------------+--------------------+
; Option                                                           ; Setting            ; Default Value      ;
+------------------------------------------------------------------+--------------------+--------------------+
; Device                                                           ; EP4CE115F29C7      ;                    ;
; Top-level entity name                                            ; top_p03_tb         ; top_p03            ;
; Family name                                                      ; Cyclone IV E       ; Cyclone V          ;
; Use smart compilation                                            ; Off                ; Off                ;
; Enable parallel Assembler and Timing Analyzer during compilation ; On                 ; On                 ;
; Enable compact report table                                      ; Off                ; Off                ;
; Restructure Multiplexers                                         ; Auto               ; Auto               ;
; Create Debugging Nodes for IP Cores                              ; Off                ; Off                ;
; Preserve fewer node names                                        ; On                 ; On                 ;
; Intel FPGA IP Evaluation Mode                                    ; Enable             ; Enable             ;
; Verilog Version                                                  ; Verilog_2001       ; Verilog_2001       ;
; VHDL Version                                                     ; VHDL_1993          ; VHDL_1993          ;
; State Machine Processing                                         ; Auto               ; Auto               ;
; Safe State Machine                                               ; Off                ; Off                ;
; Extract Verilog State Machines                                   ; On                 ; On                 ;
; Extract VHDL State Machines                                      ; On                 ; On                 ;
; Ignore Verilog initial constructs                                ; Off                ; Off                ;
; Iteration limit for constant Verilog loops                       ; 5000               ; 5000               ;
; Iteration limit for non-constant Verilog loops                   ; 250                ; 250                ;
; Add Pass-Through Logic to Inferred RAMs                          ; On                 ; On                 ;
; Infer RAMs from Raw Logic                                        ; On                 ; On                 ;
; Parallel Synthesis                                               ; On                 ; On                 ;
; DSP Block Balancing                                              ; Auto               ; Auto               ;
; NOT Gate Push-Back                                               ; On                 ; On                 ;
; Power-Up Don't Care                                              ; On                 ; On                 ;
; Remove Redundant Logic Cells                                     ; Off                ; Off                ;
; Remove Duplicate Registers                                       ; On                 ; On                 ;
; Ignore CARRY Buffers                                             ; Off                ; Off                ;
; Ignore CASCADE Buffers                                           ; Off                ; Off                ;
; Ignore GLOBAL Buffers                                            ; Off                ; Off                ;
; Ignore ROW GLOBAL Buffers                                        ; Off                ; Off                ;
; Ignore LCELL Buffers                                             ; Off                ; Off                ;
; Ignore SOFT Buffers                                              ; On                 ; On                 ;
; Limit AHDL Integers to 32 Bits                                   ; Off                ; Off                ;
; Optimization Technique                                           ; Balanced           ; Balanced           ;
; Carry Chain Length                                               ; 70                 ; 70                 ;
; Auto Carry Chains                                                ; On                 ; On                 ;
; Auto Open-Drain Pins                                             ; On                 ; On                 ;
; Perform WYSIWYG Primitive Resynthesis                            ; Off                ; Off                ;
; Auto ROM Replacement                                             ; On                 ; On                 ;
; Auto RAM Replacement                                             ; On                 ; On                 ;
; Auto DSP Block Replacement                                       ; On                 ; On                 ;
; Auto Shift Register Replacement                                  ; Auto               ; Auto               ;
; Allow Shift Register Merging across Hierarchies                  ; Auto               ; Auto               ;
; Auto Clock Enable Replacement                                    ; On                 ; On                 ;
; Strict RAM Replacement                                           ; Off                ; Off                ;
; Allow Synchronous Control Signals                                ; On                 ; On                 ;
; Force Use of Synchronous Clear Signals                           ; Off                ; Off                ;
; Auto RAM Block Balancing                                         ; On                 ; On                 ;
; Auto RAM to Logic Cell Conversion                                ; Off                ; Off                ;
; Auto Resource Sharing                                            ; Off                ; Off                ;
; Allow Any RAM Size For Recognition                               ; Off                ; Off                ;
; Allow Any ROM Size For Recognition                               ; Off                ; Off                ;
; Allow Any Shift Register Size For Recognition                    ; Off                ; Off                ;
; Use LogicLock Constraints during Resource Balancing              ; On                 ; On                 ;
; Ignore translate_off and synthesis_off directives                ; Off                ; Off                ;
; Timing-Driven Synthesis                                          ; On                 ; On                 ;
; Report Parameter Settings                                        ; On                 ; On                 ;
; Report Source Assignments                                        ; On                 ; On                 ;
; Report Connectivity Checks                                       ; On                 ; On                 ;
; Ignore Maximum Fan-Out Assignments                               ; Off                ; Off                ;
; Synchronization Register Chain Length                            ; 2                  ; 2                  ;
; Power Optimization During Synthesis                              ; Normal compilation ; Normal compilation ;
; HDL message level                                                ; Level2             ; Level2             ;
; Suppress Register Optimization Related Messages                  ; Off                ; Off                ;
; Number of Removed Registers Reported in Synthesis Report         ; 5000               ; 5000               ;
; Number of Swept Nodes Reported in Synthesis Report               ; 5000               ; 5000               ;
; Number of Inverted Registers Reported in Synthesis Report        ; 100                ; 100                ;
; Clock MUX Protection                                             ; On                 ; On                 ;
; Auto Gated Clock Conversion                                      ; Off                ; Off                ;
; Block Design Naming                                              ; Auto               ; Auto               ;
; SDC constraint protection                                        ; Off                ; Off                ;
; Synthesis Effort                                                 ; Auto               ; Auto               ;
; Shift Register Replacement - Allow Asynchronous Clear Signal     ; On                 ; On                 ;
; Pre-Mapping Resynthesis Optimization                             ; Off                ; Off                ;
; Analysis & Synthesis Message Level                               ; Medium             ; Medium             ;
; Disable Register Merging Across Hierarchies                      ; Auto               ; Auto               ;
; Resource Aware Inference For Block RAM                           ; On                 ; On                 ;
+------------------------------------------------------------------+--------------------+--------------------+


+------------------------------------------+
; Parallel Compilation                     ;
+----------------------------+-------------+
; Processors                 ; Number      ;
+----------------------------+-------------+
; Number detected on machine ; 4           ;
; Maximum allowed            ; 2           ;
;                            ;             ;
; Average used               ; 1.00        ;
; Maximum used               ; 2           ;
;                            ;             ;
; Usage by Processor         ; % Time Used ;
;     Processor 1            ; 100.0%      ;
;     Processor 2            ;   0.0%      ;
+----------------------------+-------------+


+----------------------------------------------------------------------------------------------------------------------------------------------------------------------+
; Analysis & Synthesis Source Files Read                                                                                                                               ;
+----------------------------------+-----------------+------------------------------+------------------------------------------------------------------------+---------+
; File Name with User-Entered Path ; Used in Netlist ; File Type                    ; File Name with Absolute Path                                           ; Library ;
+----------------------------------+-----------------+------------------------------+------------------------------------------------------------------------+---------+
; src/uart_pkg.sv                  ; yes             ; User SystemVerilog HDL File  ; C:/repo_veri/p03/src/uart_pkg.sv                                       ;         ;
; src/top_processors.sv            ; yes             ; User SystemVerilog HDL File  ; C:/repo_veri/p03/src/top_processors.sv                                 ;         ;
; src/top_p03_tb.sv                ; yes             ; User SystemVerilog HDL File  ; C:/repo_veri/p03/src/top_p03_tb.sv                                     ;         ;
; src/ram_vector.sv                ; yes             ; User SystemVerilog HDL File  ; C:/repo_veri/p03/src/ram_vector.sv                                     ;         ;
; src/ram_matrix.sv                ; yes             ; User SystemVerilog HDL File  ; C:/repo_veri/p03/src/ram_matrix.sv                                     ;         ;
; src/processor_pkg.sv             ; yes             ; User SystemVerilog HDL File  ; C:/repo_veri/p03/src/processor_pkg.sv                                  ;         ;
; src/processor.sv                 ; yes             ; User SystemVerilog HDL File  ; C:/repo_veri/p03/src/processor.sv                                      ;         ;
; src/pointers_M.sv                ; yes             ; User SystemVerilog HDL File  ; C:/repo_veri/p03/src/pointers_M.sv                                     ;         ;
; src/pointers.sv                  ; yes             ; User SystemVerilog HDL File  ; C:/repo_veri/p03/src/pointers.sv                                       ;         ;
; src/nibb_reg.sv                  ; yes             ; User SystemVerilog HDL File  ; C:/repo_veri/p03/src/nibb_reg.sv                                       ;         ;
; src/logic_and.sv                 ; yes             ; User SystemVerilog HDL File  ; C:/repo_veri/p03/src/logic_and.sv                                      ;         ;
; src/global_pkg.sv                ; yes             ; User SystemVerilog HDL File  ; C:/repo_veri/p03/src/global_pkg.sv                                     ;         ;
; src/fsm_processor.sv             ; yes             ; User SystemVerilog HDL File  ; C:/repo_veri/p03/src/fsm_processor.sv                                  ;         ;
; src/fsm_fifo.sv                  ; yes             ; User SystemVerilog HDL File  ; C:/repo_veri/p03/src/fsm_fifo.sv                                       ;         ;
; src/fifo_vector.sv               ; yes             ; User SystemVerilog HDL File  ; C:/repo_veri/p03/src/fifo_vector.sv                                    ;         ;
; src/fifo_pkg.sv                  ; yes             ; User SystemVerilog HDL File  ; C:/repo_veri/p03/src/fifo_pkg.sv                                       ;         ;
; src/fifo_matrix.sv               ; yes             ; User SystemVerilog HDL File  ; C:/repo_veri/p03/src/fifo_matrix.sv                                    ;         ;
; src/cmd_fsm.sv                   ; yes             ; User SystemVerilog HDL File  ; C:/repo_veri/p03/src/cmd_fsm.sv                                        ;         ;
; lpm_mult.tdf                     ; yes             ; Megafunction                 ; c:/intelfpga_lite/18.1/quartus/libraries/megafunctions/lpm_mult.tdf    ;         ;
; aglobal181.inc                   ; yes             ; Megafunction                 ; c:/intelfpga_lite/18.1/quartus/libraries/megafunctions/aglobal181.inc  ;         ;
; lpm_add_sub.inc                  ; yes             ; Megafunction                 ; c:/intelfpga_lite/18.1/quartus/libraries/megafunctions/lpm_add_sub.inc ;         ;
; multcore.inc                     ; yes             ; Megafunction                 ; c:/intelfpga_lite/18.1/quartus/libraries/megafunctions/multcore.inc    ;         ;
; bypassff.inc                     ; yes             ; Megafunction                 ; c:/intelfpga_lite/18.1/quartus/libraries/megafunctions/bypassff.inc    ;         ;
; altshift.inc                     ; yes             ; Megafunction                 ; c:/intelfpga_lite/18.1/quartus/libraries/megafunctions/altshift.inc    ;         ;
; db/mult_j8t.tdf                  ; yes             ; Auto-Generated Megafunction  ; C:/repo_veri/p03/db/mult_j8t.tdf                                       ;         ;
+----------------------------------+-----------------+------------------------------+------------------------------------------------------------------------+---------+


+---------------------------------------------------------+
; Analysis & Synthesis Resource Usage Summary             ;
+---------------------------------------------+-----------+
; Resource                                    ; Usage     ;
+---------------------------------------------+-----------+
; Estimated Total logic elements              ; 121       ;
;                                             ;           ;
; Total combinational functions               ; 115       ;
; Logic element usage by number of LUT inputs ;           ;
;     -- 4 input functions                    ; 59        ;
;     -- 3 input functions                    ; 26        ;
;     -- <=2 input functions                  ; 30        ;
;                                             ;           ;
; Logic elements by mode                      ;           ;
;     -- normal mode                          ; 97        ;
;     -- arithmetic mode                      ; 18        ;
;                                             ;           ;
; Total registers                             ; 51        ;
;     -- Dedicated logic registers            ; 51        ;
;     -- I/O registers                        ; 0         ;
;                                             ;           ;
; I/O pins                                    ; 16        ;
;                                             ;           ;
; Embedded Multiplier 9-bit elements          ; 0         ;
;                                             ;           ;
; Maximum fan-out node                        ; clk~input ;
; Maximum fan-out                             ; 51        ;
; Total fan-out                               ; 575       ;
; Average fan-out                             ; 2.90      ;
+---------------------------------------------+-----------+


+-------------------------------------------------------------------------------------------------------------------------------------------------------------------------------------------------------------------------------------------------------------------------------------------------------------------------------------------+
; Analysis & Synthesis Resource Utilization by Entity                                                                                                                                                                                                                                                                                       ;
+------------------------------------------+---------------------+---------------------------+-------------+--------------+---------+-----------+------+--------------+-------------------------------------------------------------------------------------------------------------------------------------+----------------+--------------+
; Compilation Hierarchy Node               ; Combinational ALUTs ; Dedicated Logic Registers ; Memory Bits ; DSP Elements ; DSP 9x9 ; DSP 18x18 ; Pins ; Virtual Pins ; Full Hierarchy Name                                                                                                                 ; Entity Name    ; Library Name ;
+------------------------------------------+---------------------+---------------------------+-------------+--------------+---------+-----------+------+--------------+-------------------------------------------------------------------------------------------------------------------------------------+----------------+--------------+
; |top_p03_tb                              ; 115 (0)             ; 51 (0)                    ; 0           ; 0            ; 0       ; 0         ; 16   ; 0            ; |top_p03_tb                                                                                                                         ; top_p03_tb     ; work         ;
;    |cmd_fsm:cmd_fsm_inst|                ; 28 (28)             ; 13 (13)                   ; 0           ; 0            ; 0       ; 0         ; 0    ; 0            ; |top_p03_tb|cmd_fsm:cmd_fsm_inst                                                                                                    ; cmd_fsm        ; work         ;
;    |nibb_reg:size_register|              ; 0 (0)               ; 4 (4)                     ; 0           ; 0            ; 0       ; 0         ; 0    ; 0            ; |top_p03_tb|nibb_reg:size_register                                                                                                  ; nibb_reg       ; work         ;
;    |top_processors:top_processors_inst|  ; 87 (0)              ; 34 (0)                    ; 0           ; 0            ; 0       ; 0         ; 0    ; 0            ; |top_p03_tb|top_processors:top_processors_inst                                                                                      ; top_processors ; work         ;
;       |fifo_matrix:matrix|               ; 45 (0)              ; 14 (0)                    ; 0           ; 0            ; 0       ; 0         ; 0    ; 0            ; |top_p03_tb|top_processors:top_processors_inst|fifo_matrix:matrix                                                                   ; fifo_matrix    ; work         ;
;          |fsm_fifo:fsm_fifo_inst|        ; 2 (2)               ; 0 (0)                     ; 0           ; 0            ; 0       ; 0         ; 0    ; 0            ; |top_p03_tb|top_processors:top_processors_inst|fifo_matrix:matrix|fsm_fifo:fsm_fifo_inst                                            ; fsm_fifo       ; work         ;
;          |pointers_M:pointers_M_inst|    ; 43 (21)             ; 14 (14)                   ; 0           ; 0            ; 0       ; 0         ; 0    ; 0            ; |top_p03_tb|top_processors:top_processors_inst|fifo_matrix:matrix|pointers_M:pointers_M_inst                                        ; pointers_M     ; work         ;
;             |lpm_mult:Mult0|             ; 22 (0)              ; 0 (0)                     ; 0           ; 0            ; 0       ; 0         ; 0    ; 0            ; |top_p03_tb|top_processors:top_processors_inst|fifo_matrix:matrix|pointers_M:pointers_M_inst|lpm_mult:Mult0                         ; lpm_mult       ; work         ;
;                |mult_j8t:auto_generated| ; 22 (22)             ; 0 (0)                     ; 0           ; 0            ; 0       ; 0         ; 0    ; 0            ; |top_p03_tb|top_processors:top_processors_inst|fifo_matrix:matrix|pointers_M:pointers_M_inst|lpm_mult:Mult0|mult_j8t:auto_generated ; mult_j8t       ; work         ;
;       |fifo_vector:fifo_result|          ; 8 (0)               ; 4 (0)                     ; 0           ; 0            ; 0       ; 0         ; 0    ; 0            ; |top_p03_tb|top_processors:top_processors_inst|fifo_vector:fifo_result                                                              ; fifo_vector    ; work         ;
;          |pointers:pointers_inst|        ; 8 (8)               ; 4 (4)                     ; 0           ; 0            ; 0       ; 0         ; 0    ; 0            ; |top_p03_tb|top_processors:top_processors_inst|fifo_vector:fifo_result|pointers:pointers_inst                                       ; pointers       ; work         ;
;       |fifo_vector:vector|               ; 8 (0)               ; 4 (0)                     ; 0           ; 0            ; 0       ; 0         ; 0    ; 0            ; |top_p03_tb|top_processors:top_processors_inst|fifo_vector:vector                                                                   ; fifo_vector    ; work         ;
;          |pointers:pointers_inst|        ; 8 (8)               ; 4 (4)                     ; 0           ; 0            ; 0       ; 0         ; 0    ; 0            ; |top_p03_tb|top_processors:top_processors_inst|fifo_vector:vector|pointers:pointers_inst                                            ; pointers       ; work         ;
;       |fsm_processor:fsm_p_inst|         ; 22 (22)             ; 12 (12)                   ; 0           ; 0            ; 0       ; 0         ; 0    ; 0            ; |top_p03_tb|top_processors:top_processors_inst|fsm_processor:fsm_p_inst                                                             ; fsm_processor  ; work         ;
;       |logic_and:logic_and_inst|         ; 4 (4)               ; 0 (0)                     ; 0           ; 0            ; 0       ; 0         ; 0    ; 0            ; |top_p03_tb|top_processors:top_processors_inst|logic_and:logic_and_inst                                                             ; logic_and      ; work         ;
+------------------------------------------+---------------------+---------------------------+-------------+--------------+---------+-----------+------+--------------+-------------------------------------------------------------------------------------------------------------------------------------+----------------+--------------+
Note: For table entries with two numbers listed, the numbers in parentheses indicate the number of resources of the given type used by the specific entity alone. The numbers listed outside of parentheses indicate the total resources of the given type used by the specific entity and all of its sub-entities in the hierarchy.


Encoding Type:  One-Hot
+---------------------------------------------------------------------------------------------------+
; State Machine - |top_p03_tb|top_processors:top_processors_inst|fsm_processor:fsm_p_inst|state     ;
+----------------+---------------+----------------+--------------+----------+------------+----------+
; Name           ; state.POP_RES ; state.TRANSMIT ; state.RESULT ; state.OP ; state.LOAD ; state.NP ;
+----------------+---------------+----------------+--------------+----------+------------+----------+
; state.NP       ; 0             ; 0              ; 0            ; 0        ; 0          ; 0        ;
; state.LOAD     ; 0             ; 0              ; 0            ; 0        ; 1          ; 1        ;
; state.OP       ; 0             ; 0              ; 0            ; 1        ; 0          ; 1        ;
; state.RESULT   ; 0             ; 0              ; 1            ; 0        ; 0          ; 1        ;
; state.TRANSMIT ; 0             ; 1              ; 0            ; 0        ; 0          ; 1        ;
; state.POP_RES  ; 1             ; 0              ; 0            ; 0        ; 0          ; 1        ;
+----------------+---------------+----------------+--------------+----------+------------+----------+


Encoding Type:  One-Hot
+----------------------------------------------------------------------------------------------------------------------------------------------------------------------------------------------------------------------------------------+
; State Machine - |top_p03_tb|cmd_fsm:cmd_fsm_inst|status                                                                                                                                                                                ;
+-----------------+-----------------+--------------+-----------------+--------------+-----------------+--------------+-----------------+--------------+-----------------+--------------+----------------+---------------+----------------+
; Name            ; status.WAITCMD5 ; status.RCMD5 ; status.WAITCMD4 ; status.RCMD4 ; status.WAITCMD3 ; status.RCMD3 ; status.WAITCMD2 ; status.RCMD2 ; status.WAITCMD1 ; status.RCMD1 ; status.COMMAND ; status.LENGTH ; status.IDLECMD ;
+-----------------+-----------------+--------------+-----------------+--------------+-----------------+--------------+-----------------+--------------+-----------------+--------------+----------------+---------------+----------------+
; status.IDLECMD  ; 0               ; 0            ; 0               ; 0            ; 0               ; 0            ; 0               ; 0            ; 0               ; 0            ; 0              ; 0             ; 0              ;
; status.LENGTH   ; 0               ; 0            ; 0               ; 0            ; 0               ; 0            ; 0               ; 0            ; 0               ; 0            ; 0              ; 1             ; 1              ;
; status.COMMAND  ; 0               ; 0            ; 0               ; 0            ; 0               ; 0            ; 0               ; 0            ; 0               ; 0            ; 1              ; 0             ; 1              ;
; status.RCMD1    ; 0               ; 0            ; 0               ; 0            ; 0               ; 0            ; 0               ; 0            ; 0               ; 1            ; 0              ; 0             ; 1              ;
; status.WAITCMD1 ; 0               ; 0            ; 0               ; 0            ; 0               ; 0            ; 0               ; 0            ; 1               ; 0            ; 0              ; 0             ; 1              ;
; status.RCMD2    ; 0               ; 0            ; 0               ; 0            ; 0               ; 0            ; 0               ; 1            ; 0               ; 0            ; 0              ; 0             ; 1              ;
; status.WAITCMD2 ; 0               ; 0            ; 0               ; 0            ; 0               ; 0            ; 1               ; 0            ; 0               ; 0            ; 0              ; 0             ; 1              ;
; status.RCMD3    ; 0               ; 0            ; 0               ; 0            ; 0               ; 1            ; 0               ; 0            ; 0               ; 0            ; 0              ; 0             ; 1              ;
; status.WAITCMD3 ; 0               ; 0            ; 0               ; 0            ; 1               ; 0            ; 0               ; 0            ; 0               ; 0            ; 0              ; 0             ; 1              ;
; status.RCMD4    ; 0               ; 0            ; 0               ; 1            ; 0               ; 0            ; 0               ; 0            ; 0               ; 0            ; 0              ; 0             ; 1              ;
; status.WAITCMD4 ; 0               ; 0            ; 1               ; 0            ; 0               ; 0            ; 0               ; 0            ; 0               ; 0            ; 0              ; 0             ; 1              ;
; status.RCMD5    ; 0               ; 1            ; 0               ; 0            ; 0               ; 0            ; 0               ; 0            ; 0               ; 0            ; 0              ; 0             ; 1              ;
; status.WAITCMD5 ; 1               ; 0            ; 0               ; 0            ; 0               ; 0            ; 0               ; 0            ; 0               ; 0            ; 0              ; 0             ; 1              ;
+-----------------+-----------------+--------------+-----------------+--------------+-----------------+--------------+-----------------+--------------+-----------------+--------------+----------------+---------------+----------------+


+------------------------------------------------------------------------------------------+
; Registers Removed During Synthesis                                                       ;
+---------------------------------------------------------------------+--------------------+
; Register name                                                       ; Reason for Removal ;
+---------------------------------------------------------------------+--------------------+
; top_processors:top_processors_inst|fsm_processor:fsm_p_inst|state~4 ; Lost fanout        ;
; top_processors:top_processors_inst|fsm_processor:fsm_p_inst|state~5 ; Lost fanout        ;
; top_processors:top_processors_inst|fsm_processor:fsm_p_inst|state~6 ; Lost fanout        ;
; cmd_fsm:cmd_fsm_inst|status~14                                      ; Lost fanout        ;
; cmd_fsm:cmd_fsm_inst|status~15                                      ; Lost fanout        ;
; cmd_fsm:cmd_fsm_inst|status~16                                      ; Lost fanout        ;
; cmd_fsm:cmd_fsm_inst|status~17                                      ; Lost fanout        ;
; Total Number of Removed Registers = 7                               ;                    ;
+---------------------------------------------------------------------+--------------------+


+------------------------------------------------------+
; General Register Statistics                          ;
+----------------------------------------------+-------+
; Statistic                                    ; Value ;
+----------------------------------------------+-------+
; Total registers                              ; 51    ;
; Number of registers using Synchronous Clear  ; 0     ;
; Number of registers using Synchronous Load   ; 0     ;
; Number of registers using Asynchronous Clear ; 51    ;
; Number of registers using Asynchronous Load  ; 0     ;
; Number of registers using Clock Enable       ; 31    ;
; Number of registers using Preset             ; 0     ;
+----------------------------------------------+-------+


+----------------------------------------------------------------------------------------------------------------------------------------------------------------------------------------------------+
; Multiplexer Restructuring Statistics (Restructuring Performed)                                                                                                                                     ;
+--------------------+-----------+---------------+----------------------+------------------------+------------+--------------------------------------------------------------------------------------+
; Multiplexer Inputs ; Bus Width ; Baseline Area ; Area if Restructured ; Saving if Restructured ; Registered ; Example Multiplexer Output                                                           ;
+--------------------+-----------+---------------+----------------------+------------------------+------------+--------------------------------------------------------------------------------------+
; 3:1                ; 3 bits    ; 6 LEs         ; 3 LEs                ; 3 LEs                  ; Yes        ; |top_p03_tb|top_processors:top_processors_inst|fsm_processor:fsm_p_inst|cnt[0]       ;
; 3:1                ; 3 bits    ; 6 LEs         ; 3 LEs                ; 3 LEs                  ; Yes        ; |top_p03_tb|top_processors:top_processors_inst|fsm_processor:fsm_p_inst|chain_cnt[0] ;
+--------------------+-----------+---------------+----------------------+------------------------+------------+--------------------------------------------------------------------------------------+


+--------------------------------------------------------------------------------------------------------------------------------------------------+
; Parameter Settings for Inferred Entity Instance: top_processors:top_processors_inst|fifo_matrix:matrix|pointers_M:pointers_M_inst|lpm_mult:Mult0 ;
+------------------------------------------------+--------------+----------------------------------------------------------------------------------+
; Parameter Name                                 ; Value        ; Type                                                                             ;
+------------------------------------------------+--------------+----------------------------------------------------------------------------------+
; AUTO_CARRY_CHAINS                              ; ON           ; AUTO_CARRY                                                                       ;
; IGNORE_CARRY_BUFFERS                           ; OFF          ; IGNORE_CARRY                                                                     ;
; AUTO_CASCADE_CHAINS                            ; ON           ; AUTO_CASCADE                                                                     ;
; IGNORE_CASCADE_BUFFERS                         ; OFF          ; IGNORE_CASCADE                                                                   ;
; LPM_WIDTHA                                     ; 4            ; Untyped                                                                          ;
; LPM_WIDTHB                                     ; 4            ; Untyped                                                                          ;
; LPM_WIDTHP                                     ; 8            ; Untyped                                                                          ;
; LPM_WIDTHR                                     ; 8            ; Untyped                                                                          ;
; LPM_WIDTHS                                     ; 1            ; Untyped                                                                          ;
; LPM_REPRESENTATION                             ; UNSIGNED     ; Untyped                                                                          ;
; LPM_PIPELINE                                   ; 0            ; Untyped                                                                          ;
; LATENCY                                        ; 0            ; Untyped                                                                          ;
; INPUT_A_IS_CONSTANT                            ; NO           ; Untyped                                                                          ;
; INPUT_B_IS_CONSTANT                            ; NO           ; Untyped                                                                          ;
; USE_EAB                                        ; OFF          ; Untyped                                                                          ;
; MAXIMIZE_SPEED                                 ; 5            ; Untyped                                                                          ;
; DEVICE_FAMILY                                  ; Cyclone IV E ; Untyped                                                                          ;
; CARRY_CHAIN                                    ; MANUAL       ; Untyped                                                                          ;
; APEX20K_TECHNOLOGY_MAPPER                      ; LUT          ; TECH_MAPPER_APEX20K                                                              ;
; DEDICATED_MULTIPLIER_CIRCUITRY                 ; AUTO         ; Untyped                                                                          ;
; DEDICATED_MULTIPLIER_MIN_INPUT_WIDTH_FOR_AUTO  ; 0            ; Untyped                                                                          ;
; DEDICATED_MULTIPLIER_MIN_OUTPUT_WIDTH_FOR_AUTO ; 0            ; Untyped                                                                          ;
; CBXI_PARAMETER                                 ; mult_j8t     ; Untyped                                                                          ;
; INPUT_A_FIXED_VALUE                            ; Bx           ; Untyped                                                                          ;
; INPUT_B_FIXED_VALUE                            ; Bx           ; Untyped                                                                          ;
; USE_AHDL_IMPLEMENTATION                        ; OFF          ; Untyped                                                                          ;
+------------------------------------------------+--------------+----------------------------------------------------------------------------------+
Note: In order to hide this table in the UI and the text report file, please set the "Show Parameter Settings in Synthesis Report" option in "Analysis and Synthesis Settings -> More Settings" to "Off".


+-----------------------------------------------------------------------------------------------------------------------------------------+
; lpm_mult Parameter Settings by Entity Instance                                                                                          ;
+---------------------------------------+-------------------------------------------------------------------------------------------------+
; Name                                  ; Value                                                                                           ;
+---------------------------------------+-------------------------------------------------------------------------------------------------+
; Number of entity instances            ; 1                                                                                               ;
; Entity Instance                       ; top_processors:top_processors_inst|fifo_matrix:matrix|pointers_M:pointers_M_inst|lpm_mult:Mult0 ;
;     -- LPM_WIDTHA                     ; 4                                                                                               ;
;     -- LPM_WIDTHB                     ; 4                                                                                               ;
;     -- LPM_WIDTHP                     ; 8                                                                                               ;
;     -- LPM_REPRESENTATION             ; UNSIGNED                                                                                        ;
;     -- INPUT_A_IS_CONSTANT            ; NO                                                                                              ;
;     -- INPUT_B_IS_CONSTANT            ; NO                                                                                              ;
;     -- USE_EAB                        ; OFF                                                                                             ;
;     -- DEDICATED_MULTIPLIER_CIRCUITRY ; AUTO                                                                                            ;
;     -- INPUT_A_FIXED_VALUE            ; Bx                                                                                              ;
;     -- INPUT_B_FIXED_VALUE            ; Bx                                                                                              ;
+---------------------------------------+-------------------------------------------------------------------------------------------------+


+----------------------------------------------------------------------------------------------------------------------------------------------------------------+
; Port Connectivity Checks: "top_processors:top_processors_inst|fifo_vector:vector|pointers:pointers_inst"                                                       ;
+------------+--------+----------+-------------------------------------------------------------------------------------------------------------------------------+
; Port       ; Type   ; Severity ; Details                                                                                                                       ;
+------------+--------+----------+-------------------------------------------------------------------------------------------------------------------------------+
; count_push ; Output ; Warning  ; Output or bidir port (4 bits) is wider than the port expression (3 bits) it drives; bit(s) "count_push[3..3]" have no fanouts ;
; count_pop  ; Output ; Warning  ; Output or bidir port (4 bits) is wider than the port expression (3 bits) it drives; bit(s) "count_pop[3..3]" have no fanouts  ;
+------------+--------+----------+-------------------------------------------------------------------------------------------------------------------------------+


+----------------------------------------------------------------------------------------------------------------------------------------------------------------+
; Port Connectivity Checks: "top_processors:top_processors_inst|fifo_matrix:matrix|pointers_M:pointers_M_inst"                                                   ;
+------------+--------+----------+-------------------------------------------------------------------------------------------------------------------------------+
; Port       ; Type   ; Severity ; Details                                                                                                                       ;
+------------+--------+----------+-------------------------------------------------------------------------------------------------------------------------------+
; count_push ; Output ; Warning  ; Output or bidir port (7 bits) is wider than the port expression (6 bits) it drives; bit(s) "count_push[6..6]" have no fanouts ;
; count_pop  ; Output ; Warning  ; Output or bidir port (7 bits) is wider than the port expression (6 bits) it drives; bit(s) "count_pop[6..6]" have no fanouts  ;
+------------+--------+----------+-------------------------------------------------------------------------------------------------------------------------------+


+-------------------------------------------------------------------------------------------------------------------------+
; Port Connectivity Checks: "top_processors:top_processors_inst"                                                          ;
+---------------+--------+----------+-------------------------------------------------------------------------------------+
; Port          ; Type   ; Severity ; Details                                                                             ;
+---------------+--------+----------+-------------------------------------------------------------------------------------+
; transmit      ; Output ; Info     ; Connected to dangling logic. Logic that only feeds a dangling port will be removed. ;
; result_uart_w ; Output ; Info     ; Connected to dangling logic. Logic that only feeds a dangling port will be removed. ;
+---------------+--------+----------+-------------------------------------------------------------------------------------+


+-----------------------------------------------------+
; Post-Synthesis Netlist Statistics for Top Partition ;
+-----------------------+-----------------------------+
; Type                  ; Count                       ;
+-----------------------+-----------------------------+
; boundary_port         ; 16                          ;
; cycloneiii_ff         ; 51                          ;
;     CLR               ; 20                          ;
;     ENA CLR           ; 31                          ;
; cycloneiii_lcell_comb ; 116                         ;
;     arith             ; 18                          ;
;         2 data inputs ; 10                          ;
;         3 data inputs ; 8                           ;
;     normal            ; 98                          ;
;         0 data inputs ; 1                           ;
;         1 data inputs ; 2                           ;
;         2 data inputs ; 18                          ;
;         3 data inputs ; 18                          ;
;         4 data inputs ; 59                          ;
;                       ;                             ;
; Max LUT depth         ; 6.30                        ;
; Average LUT depth     ; 3.52                        ;
+-----------------------+-----------------------------+


+-------------------------------+
; Elapsed Time Per Partition    ;
+----------------+--------------+
; Partition Name ; Elapsed Time ;
+----------------+--------------+
; Top            ; 00:00:01     ;
+----------------+--------------+


+-------------------------------+
; Analysis & Synthesis Messages ;
+-------------------------------+
Info: *******************************************************************
Info: Running Quartus Prime Analysis & Synthesis
    Info: Version 18.1.0 Build 625 09/12/2018 SJ Lite Edition
    Info: Processing started: Sat May 18 00:18:49 2019
Info: Command: quartus_map --read_settings_files=on --write_settings_files=off top_p03 -c top_p03
Warning (18236): Number of processors has not been specified which may cause overloading on shared machines.  Set the global assignment NUM_PARALLEL_PROCESSORS in your QSF to an appropriate value for best performance.
Info (20030): Parallel compilation is enabled and will use 2 of the 2 processors detected
Info (12021): Found 1 design units, including 0 entities, in source file src/uart_pkg.sv
    Info (12022): Found design unit 1: uart_pkg (SystemVerilog) File: C:/repo_veri/p03/src/uart_pkg.sv Line: 25
Info (12021): Found 1 design units, including 1 entities, in source file src/uart.sv
    Info (12023): Found entity 1: uart File: C:/repo_veri/p03/src/uart.sv Line: 5
Info (12021): Found 1 design units, including 1 entities, in source file src/tx_top.sv
    Info (12023): Found entity 1: tx_top File: C:/repo_veri/p03/src/tx_top.sv Line: 5
Info (12021): Found 1 design units, including 1 entities, in source file src/tx_mux.sv
    Info (12023): Found entity 1: tx_mux File: C:/repo_veri/p03/src/tx_mux.sv Line: 32
Info (12021): Found 1 design units, including 1 entities, in source file src/tx_fsm.sv
    Info (12023): Found entity 1: tx_fsm File: C:/repo_veri/p03/src/tx_fsm.sv Line: 31
Info (12021): Found 1 design units, including 1 entities, in source file src/top_processors.sv
    Info (12023): Found entity 1: top_processors File: C:/repo_veri/p03/src/top_processors.sv Line: 21
Info (12021): Found 1 design units, including 1 entities, in source file src/top_p03_tb.sv
    Info (12023): Found entity 1: top_p03_tb File: C:/repo_veri/p03/src/top_p03_tb.sv Line: 3
Info (12021): Found 1 design units, including 1 entities, in source file src/top_p03.sv
    Info (12023): Found entity 1: top_p03 File: C:/repo_veri/p03/src/top_p03.sv Line: 3
Info (12021): Found 1 design units, including 1 entities, in source file src/top_cmd.sv
    Info (12023): Found entity 1: top_cmd File: C:/repo_veri/p03/src/top_cmd.sv Line: 3
Info (12021): Found 1 design units, including 1 entities, in source file src/time_mux.sv
    Info (12023): Found entity 1: time_mux File: C:/repo_veri/p03/src/time_mux.sv Line: 33
Info (12021): Found 1 design units, including 1 entities, in source file src/sipo.sv
    Info (12023): Found entity 1: sipo File: C:/repo_veri/p03/src/sipo.sv Line: 5
Info (12021): Found 1 design units, including 1 entities, in source file src/rx_top.sv
    Info (12023): Found entity 1: rx_top File: C:/repo_veri/p03/src/rx_top.sv Line: 5
Info (12021): Found 1 design units, including 1 entities, in source file src/rx_fsm.sv
    Info (12023): Found entity 1: rx_fsm File: C:/repo_veri/p03/src/rx_fsm.sv Line: 31
Info (12021): Found 1 design units, including 1 entities, in source file src/register.sv
    Info (12023): Found entity 1: register File: C:/repo_veri/p03/src/register.sv Line: 8
Info (12021): Found 1 design units, including 1 entities, in source file src/ram_vector.sv
    Info (12023): Found entity 1: ram_vector File: C:/repo_veri/p03/src/ram_vector.sv Line: 33
Info (12021): Found 1 design units, including 1 entities, in source file src/ram_matrix.sv
    Info (12023): Found entity 1: ram_matrix File: C:/repo_veri/p03/src/ram_matrix.sv Line: 33
Info (12021): Found 1 design units, including 0 entities, in source file src/processor_pkg.sv
    Info (12022): Found design unit 1: processor_pkg (SystemVerilog) File: C:/repo_veri/p03/src/processor_pkg.sv Line: 25
Info (12021): Found 1 design units, including 1 entities, in source file src/processor.sv
    Info (12023): Found entity 1: processor File: C:/repo_veri/p03/src/processor.sv Line: 31
Info (12021): Found 1 design units, including 1 entities, in source file src/pointers_m.sv
    Info (12023): Found entity 1: pointers_M File: C:/repo_veri/p03/src/pointers_M.sv Line: 33
Info (12021): Found 1 design units, including 1 entities, in source file src/pointers.sv
    Info (12023): Found entity 1: pointers File: C:/repo_veri/p03/src/pointers.sv Line: 33
Info (12021): Found 1 design units, including 1 entities, in source file src/piso_lsb.sv
    Info (12023): Found entity 1: piso_lsb File: C:/repo_veri/p03/src/piso_lsb.sv Line: 5
Info (12021): Found 1 design units, including 1 entities, in source file src/nibb_reg.sv
    Info (12023): Found entity 1: nibb_reg File: C:/repo_veri/p03/src/nibb_reg.sv Line: 32
Info (12021): Found 1 design units, including 1 entities, in source file src/logic_xor.sv
    Info (12023): Found entity 1: logic_xor File: C:/repo_veri/p03/src/logic_xor.sv Line: 8
Info (12021): Found 1 design units, including 1 entities, in source file src/logic_and.sv
    Info (12023): Found entity 1: logic_and File: C:/repo_veri/p03/src/logic_and.sv Line: 8
Info (12021): Found 1 design units, including 1 entities, in source file src/interrupt_rgstr.sv
    Info (12023): Found entity 1: interrupt_rgstr File: C:/repo_veri/p03/src/interrupt_rgstr.sv Line: 8
Info (12021): Found 1 design units, including 0 entities, in source file src/global_pkg.sv
    Info (12022): Found design unit 1: global_pkg (SystemVerilog) File: C:/repo_veri/p03/src/global_pkg.sv Line: 25
Info (12021): Found 1 design units, including 1 entities, in source file src/fsm_processor.sv
    Info (12023): Found entity 1: fsm_processor File: C:/repo_veri/p03/src/fsm_processor.sv Line: 30
Info (12021): Found 1 design units, including 1 entities, in source file src/fsm_fifo.sv
    Info (12023): Found entity 1: fsm_fifo File: C:/repo_veri/p03/src/fsm_fifo.sv Line: 33
Info (12021): Found 1 design units, including 1 entities, in source file src/fifo_vector.sv
    Info (12023): Found entity 1: fifo_vector File: C:/repo_veri/p03/src/fifo_vector.sv Line: 30
Info (12021): Found 1 design units, including 0 entities, in source file src/fifo_pkg.sv
    Info (12022): Found design unit 1: fifo_pkg (SystemVerilog) File: C:/repo_veri/p03/src/fifo_pkg.sv Line: 25
Info (12021): Found 1 design units, including 1 entities, in source file src/fifo_matrix.sv
    Info (12023): Found entity 1: fifo_matrix File: C:/repo_veri/p03/src/fifo_matrix.sv Line: 30
Info (12021): Found 1 design units, including 1 entities, in source file src/counter.sv
    Info (12023): Found entity 1: counter File: C:/repo_veri/p03/src/counter.sv Line: 31
Info (12021): Found 1 design units, including 1 entities, in source file src/cmd_fsm.sv
    Info (12023): Found entity 1: cmd_fsm File: C:/repo_veri/p03/src/cmd_fsm.sv Line: 32
Info (12021): Found 1 design units, including 1 entities, in source file src/clkdiv.sv
    Info (12023): Found entity 1: clkdiv File: C:/repo_veri/p03/src/clkdiv.sv Line: 32
Info (12021): Found 1 design units, including 1 entities, in source file src/and_start.sv
    Info (12023): Found entity 1: and_start File: C:/repo_veri/p03/src/and_start.sv Line: 8
Info (12127): Elaborating entity "top_p03_tb" for the top level hierarchy
Warning (10034): Output port "tx" at top_p03_tb.sv(10) has no driver File: C:/repo_veri/p03/src/top_p03_tb.sv Line: 10
Info (12128): Elaborating entity "cmd_fsm" for hierarchy "cmd_fsm:cmd_fsm_inst" File: C:/repo_veri/p03/src/top_p03_tb.sv Line: 36
Info (10264): Verilog HDL Case Statement information at cmd_fsm.sv(168): all case item expressions in this case statement are onehot File: C:/repo_veri/p03/src/cmd_fsm.sv Line: 168
Warning (10034): Output port "clear_interrupt" at cmd_fsm.sv(40) has no driver File: C:/repo_veri/p03/src/cmd_fsm.sv Line: 40
Info (12128): Elaborating entity "nibb_reg" for hierarchy "nibb_reg:size_register" File: C:/repo_veri/p03/src/top_p03_tb.sv Line: 46
Info (12128): Elaborating entity "top_processors" for hierarchy "top_processors:top_processors_inst" File: C:/repo_veri/p03/src/top_p03_tb.sv Line: 63
Info (12128): Elaborating entity "fifo_matrix" for hierarchy "top_processors:top_processors_inst|fifo_matrix:matrix" File: C:/repo_veri/p03/src/top_processors.sv Line: 67
Info (12128): Elaborating entity "fsm_fifo" for hierarchy "top_processors:top_processors_inst|fifo_matrix:matrix|fsm_fifo:fsm_fifo_inst" File: C:/repo_veri/p03/src/fifo_matrix.sv Line: 78
Info (12128): Elaborating entity "ram_matrix" for hierarchy "top_processors:top_processors_inst|fifo_matrix:matrix|ram_matrix:ramM" File: C:/repo_veri/p03/src/fifo_matrix.sv Line: 93
Info (12128): Elaborating entity "pointers_M" for hierarchy "top_processors:top_processors_inst|fifo_matrix:matrix|pointers_M:pointers_M_inst" File: C:/repo_veri/p03/src/fifo_matrix.sv Line: 110
Info (12128): Elaborating entity "fifo_vector" for hierarchy "top_processors:top_processors_inst|fifo_vector:vector" File: C:/repo_veri/p03/src/top_processors.sv Line: 79
Info (12128): Elaborating entity "ram_vector" for hierarchy "top_processors:top_processors_inst|fifo_vector:vector|ram_vector:ramV" File: C:/repo_veri/p03/src/fifo_vector.sv Line: 93
Info (12128): Elaborating entity "pointers" for hierarchy "top_processors:top_processors_inst|fifo_vector:vector|pointers:pointers_inst" File: C:/repo_veri/p03/src/fifo_vector.sv Line: 110
Info (12128): Elaborating entity "logic_and" for hierarchy "top_processors:top_processors_inst|logic_and:logic_and_inst" File: C:/repo_veri/p03/src/top_processors.sv Line: 89
Info (12128): Elaborating entity "processor" for hierarchy "top_processors:top_processors_inst|processor:processor1_inst" File: C:/repo_veri/p03/src/top_processors.sv Line: 113
Info (12128): Elaborating entity "fsm_processor" for hierarchy "top_processors:top_processors_inst|fsm_processor:fsm_p_inst" File: C:/repo_veri/p03/src/top_processors.sv Line: 128
Warning (12030): Port "count_pop" on the entity instantiation of "pointers_inst" is connected to a signal of width 3. The formal width of the signal in the module is 4.  The extra bits will be left dangling without any fan-out logic. File: C:/repo_veri/p03/src/fifo_vector.sv Line: 110
Warning (12030): Port "count_push" on the entity instantiation of "pointers_inst" is connected to a signal of width 3. The formal width of the signal in the module is 4.  The extra bits will be left dangling without any fan-out logic. File: C:/repo_veri/p03/src/fifo_vector.sv Line: 110
Info (278001): Inferred 1 megafunctions from design logic
    Info (278003): Inferred multiplier megafunction ("lpm_mult") from the following logic: "top_processors:top_processors_inst|fifo_matrix:matrix|pointers_M:pointers_M_inst|Mult0" File: C:/repo_veri/p03/src/pointers_M.sv Line: 51
Info (12130): Elaborated megafunction instantiation "top_processors:top_processors_inst|fifo_matrix:matrix|pointers_M:pointers_M_inst|lpm_mult:Mult0" File: C:/repo_veri/p03/src/pointers_M.sv Line: 51
Info (12133): Instantiated megafunction "top_processors:top_processors_inst|fifo_matrix:matrix|pointers_M:pointers_M_inst|lpm_mult:Mult0" with the following parameter: File: C:/repo_veri/p03/src/pointers_M.sv Line: 51
    Info (12134): Parameter "LPM_WIDTHA" = "4"
    Info (12134): Parameter "LPM_WIDTHB" = "4"
    Info (12134): Parameter "LPM_WIDTHP" = "8"
    Info (12134): Parameter "LPM_WIDTHR" = "8"
    Info (12134): Parameter "LPM_WIDTHS" = "1"
    Info (12134): Parameter "LPM_REPRESENTATION" = "UNSIGNED"
    Info (12134): Parameter "INPUT_A_IS_CONSTANT" = "NO"
    Info (12134): Parameter "INPUT_B_IS_CONSTANT" = "NO"
    Info (12134): Parameter "MAXIMIZE_SPEED" = "5"
Info (12021): Found 1 design units, including 1 entities, in source file db/mult_j8t.tdf
    Info (12023): Found entity 1: mult_j8t File: C:/repo_veri/p03/db/mult_j8t.tdf Line: 28
Warning (14284): Synthesized away the following node(s):
    Warning (14285): Synthesized away the following LCELL buffer node(s):
        Warning (14320): Synthesized away node "top_processors:top_processors_inst|fifo_matrix:matrix|pointers_M:pointers_M_inst|lpm_mult:Mult0|mult_j8t:auto_generated|le5a[4]" File: C:/repo_veri/p03/db/mult_j8t.tdf Line: 42
Warning (14284): Synthesized away the following node(s):
    Warning (14285): Synthesized away the following LCELL buffer node(s):
        Warning (14320): Synthesized away node "top_processors:top_processors_inst|fifo_matrix:matrix|pointers_M:pointers_M_inst|lpm_mult:Mult0|mult_j8t:auto_generated|le4a[5]" File: C:/repo_veri/p03/db/mult_j8t.tdf Line: 41
        Warning (14320): Synthesized away node "top_processors:top_processors_inst|fifo_matrix:matrix|pointers_M:pointers_M_inst|lpm_mult:Mult0|mult_j8t:auto_generated|le4a[4]" File: C:/repo_veri/p03/db/mult_j8t.tdf Line: 41
        Warning (14320): Synthesized away node "top_processors:top_processors_inst|fifo_matrix:matrix|pointers_M:pointers_M_inst|lpm_mult:Mult0|mult_j8t:auto_generated|le5a[3]" File: C:/repo_veri/p03/db/mult_j8t.tdf Line: 42
        Warning (14320): Synthesized away node "top_processors:top_processors_inst|fifo_matrix:matrix|pointers_M:pointers_M_inst|lpm_mult:Mult0|mult_j8t:auto_generated|le5a[2]" File: C:/repo_veri/p03/db/mult_j8t.tdf Line: 42
Warning (12241): 2 hierarchies have connectivity warnings - see the Connectivity Checks report folder
Info (13014): Ignored 32 buffer(s)
    Info (13016): Ignored 4 CARRY_SUM buffer(s)
    Info (13019): Ignored 28 SOFT buffer(s)
Warning (13024): Output pins are stuck at VCC or GND
    Warning (13410): Pin "tx" is stuck at GND File: C:/repo_veri/p03/src/top_p03_tb.sv Line: 10
    Warning (13410): Pin "clear_interrupt" is stuck at GND File: C:/repo_veri/p03/src/top_p03_tb.sv Line: 16
Info (286030): Timing-Driven Synthesis is running
Info (17049): 7 registers lost all their fanouts during netlist optimizations.
Info (144001): Generated suppressed messages file C:/repo_veri/p03/output_files/top_p03.map.smsg
Info (16010): Generating hard_block partition "hard_block:auto_generated_inst"
    Info (16011): Adding 0 node(s), including 0 DDIO, 0 PLL, 0 transceiver and 0 LCELL
Info (21057): Implemented 137 device resources after synthesis - the final resource count might be different
    Info (21058): Implemented 11 input pins
    Info (21059): Implemented 5 output pins
    Info (21061): Implemented 121 logic cells
Info: Quartus Prime Analysis & Synthesis was successful. 0 errors, 18 warnings
    Info: Peak virtual memory: 4765 megabytes
    Info: Processing ended: Sat May 18 00:19:06 2019
    Info: Elapsed time: 00:00:17
    Info: Total CPU time (on all processors): 00:00:36


+------------------------------------------+
; Analysis & Synthesis Suppressed Messages ;
+------------------------------------------+
The suppressed messages can be found in C:/repo_veri/p03/output_files/top_p03.map.smsg.


